<?xml version="1.0" encoding="UTF-8"?>
<!-- Generated by org.testng.reporters.JUnitReportReporter -->
<testsuite skipped="0" hostname="DESKTOP-89OTHQ5" name="com.jbk.Demo" tests="1" failures="0" timestamp="27 Sep 2020 04:03:55 GMT" time="42.572" errors="0">
  <testcase name="postUSer" time="42.572" classname="com.jbk.Demo"/>
</testsuite> <!-- com.jbk.Demo -->
